-------------------------------------------------------------------------------
Test set: org.project2.Project2ApplicationTests
-------------------------------------------------------------------------------
Tests run: 1, Failures: 0, Errors: 1, Skipped: 0, Time elapsed: 26.311 s <<< FAILURE! - in org.project2.Project2ApplicationTests
contextLoads(org.project2.Project2ApplicationTests)  Time elapsed: 0.017 s  <<< ERROR!
java.lang.IllegalStateException: Failed to load ApplicationContext
Caused by: org.springframework.beans.factory.BeanCreationException: 
Error creating bean with name 'requestMappingHandlerMapping' defined in class path resource [org/springframework/boot/autoconfigure/web/servlet/WebMvcAutoConfiguration$EnableWebMvcConfiguration.class]: Invocation of init method failed; nested exception is java.lang.IllegalStateException: Ambiguous mapping. Cannot map 'userController' method 
public void org.project2.controllers.UserController.getResident()
to {GET /users/getresident}: There is already 'userController' bean method
public void org.project2.controllers.UserController.getResidentRole() mapped.
Caused by: java.lang.IllegalStateException: 
Ambiguous mapping. Cannot map 'userController' method 
public void org.project2.controllers.UserController.getResident()
to {GET /users/getresident}: There is already 'userController' bean method
public void org.project2.controllers.UserController.getResidentRole() mapped.

